#
# There is insufficient memory for the Java Runtime Environment to continue.
# Native memory allocation (malloc) failed to allocate 32744 bytes for Chunk::new
# Possible reasons:
#   The system is out of physical RAM or swap space
#   The process is running with CompressedOops enabled, and the Java Heap may be blocking the growth of the native heap
# Possible solutions:
#   Reduce memory load on the system
#   Increase physical memory or swap space
#   Check if swap backing store is full
#   Decrease Java heap size (-Xmx/-Xms)
#   Decrease number of Java threads
#   Decrease Java thread stack sizes (-Xss)
#   Set larger code cache with -XX:ReservedCodeCacheSize=
#   JVM is running with Zero Based Compressed Oops mode in which the Java heap is
#     placed in the first 32GB address space. The Java Heap base address is the
#     maximum limit for the native heap growth. Please use -XX:HeapBaseMinAddress
#     to set the Java Heap base and to place the Java Heap above 32GB virtual address.
# This output file may be truncated or incomplete.
#
#  Out of Memory Error (arena.cpp:168), pid=16912, tid=32840
#
# JRE version: Java(TM) SE Runtime Environment (21.0.1+12) (build 21.0.1+12-LTS-29)
# Java VM: Java HotSpot(TM) 64-Bit Server VM (21.0.1+12-LTS-29, mixed mode, sharing, tiered, compressed oops, compressed class ptrs, g1 gc, windows-amd64)
# No core dump will be written. Minidumps are not enabled by default on client versions of Windows
#

---------------  S U M M A R Y ------------

Command Line: --module-path=D:\Program Files\JavaFXSDK\javafx-sdk-22.0.1\lib --add-modules=javafx.controls,javafx.fxml,javafx.graphics,javafx.media,javafx.web,javafx.swing -javaagent:D:\Program Files\IntelliJ IDEA Community Edition 2023.3.2\lib\idea_rt.jar=35871:D:\Program Files\IntelliJ IDEA Community Edition 2023.3.2\bin -Dfile.encoding=UTF-8 -Dsun.stdout.encoding=UTF-8 -Dsun.stderr.encoding=UTF-8 org.chainoptim.desktop.MainApplication

Host: AMD Ryzen 5 4600H with Radeon Graphics         , 12 cores, 15G,  Windows 11 , 64 bit Build 22621 (10.0.22621.3672)
Time: Sun Jul 28 14:36:01 2024 GTB Daylight Time elapsed time: 43.988032 seconds (0d 0h 0m 43s)

---------------  T H R E A D  ---------------

Current thread (0x000002b5d269a660):  JavaThread "C2 CompilerThread0" daemon [_thread_in_native, id=32840, stack(0x000000d60f200000,0x000000d60f300000) (1024K)]


Current CompileTask:
C2:  43988 6426  s!   4       com.sun.javafx.tk.Toolkit::getToolkit (244 bytes)

Stack: [0x000000d60f200000,0x000000d60f300000]
Native frames: (J=compiled Java code, j=interpreted, Vv=VM code, C=native code)
V  [jvm.dll+0x6c9029]
V  [jvm.dll+0x854b81]
V  [jvm.dll+0x856e5e]
V  [jvm.dll+0x857543]
V  [jvm.dll+0x280c06]
V  [jvm.dll+0xc3ead]
V  [jvm.dll+0xc43c3]
V  [jvm.dll+0x6a6d46]
V  [jvm.dll+0x6d99f3]
V  [jvm.dll+0x248c2d]
V  [jvm.dll+0x1c9ca1]
V  [jvm.dll+0x2586b9]
V  [jvm.dll+0x256c9a]
V  [jvm.dll+0x3ef1b6]
V  [jvm.dll+0x7fd728]
V  [jvm.dll+0x6c777d]
C  [ucrtbase.dll+0x29333]
C  [KERNEL32.DLL+0x1257d]
C  [ntdll.dll+0x5af28]


---------------  P R O C E S S  ---------------

Threads class SMR info:
_java_thread_list=0x000002b6220438d0, length=29, elements={
0x000002b5b33b6ba0, 0x000002b5d2690ee0, 0x000002b5d2693c10, 0x000002b5d2697880,
0x000002b5d26982e0, 0x000002b5d2698d40, 0x000002b5d26997a0, 0x000002b5d269a660,
0x000002b5d269d110, 0x000002b5d28aa110, 0x000002b618e17ad0, 0x000002b619571f10,
0x000002b619c581b0, 0x000002b619355c10, 0x000002b619bac560, 0x000002b619382cf0,
0x000002b619383360, 0x000002b619fe9640, 0x000002b619aa7250, 0x000002b619aa78e0,
0x000002b619aa7f70, 0x000002b619aa8600, 0x000002b619aa6bc0, 0x000002b619aa9320,
0x000002b619aa6530, 0x000002b619aa8c90, 0x000002b619aa5ea0, 0x000002b618ff9460,
0x000002b618ff6670
}

Java Threads: ( => current thread )
  0x000002b5b33b6ba0 JavaThread "main"                              [_thread_blocked, id=15024, stack(0x000000d60e400000,0x000000d60e500000) (1024K)]
  0x000002b5d2690ee0 JavaThread "Reference Handler"          daemon [_thread_blocked, id=29948, stack(0x000000d60ec00000,0x000000d60ed00000) (1024K)]
  0x000002b5d2693c10 JavaThread "Finalizer"                  daemon [_thread_blocked, id=4836, stack(0x000000d60ed00000,0x000000d60ee00000) (1024K)]
  0x000002b5d2697880 JavaThread "Signal Dispatcher"          daemon [_thread_blocked, id=10648, stack(0x000000d60ee00000,0x000000d60ef00000) (1024K)]
  0x000002b5d26982e0 JavaThread "Attach Listener"            daemon [_thread_blocked, id=12400, stack(0x000000d60ef00000,0x000000d60f000000) (1024K)]
  0x000002b5d2698d40 JavaThread "Service Thread"             daemon [_thread_blocked, id=30320, stack(0x000000d60f000000,0x000000d60f100000) (1024K)]
  0x000002b5d26997a0 JavaThread "Monitor Deflation Thread"   daemon [_thread_blocked, id=39656, stack(0x000000d60f100000,0x000000d60f200000) (1024K)]
=>0x000002b5d269a660 JavaThread "C2 CompilerThread0"         daemon [_thread_in_native, id=32840, stack(0x000000d60f200000,0x000000d60f300000) (1024K)]
  0x000002b5d269d110 JavaThread "C1 CompilerThread0"         daemon [_thread_in_native, id=17888, stack(0x000000d60f300000,0x000000d60f400000) (1024K)]
  0x000002b5d28aa110 JavaThread "Common-Cleaner"             daemon [_thread_blocked, id=34396, stack(0x000000d60f400000,0x000000d60f500000) (1024K)]
  0x000002b618e17ad0 JavaThread "Monitor Ctrl-Break"         daemon [_thread_in_native, id=1800, stack(0x000000d60f700000,0x000000d60f800000) (1024K)]
  0x000002b619571f10 JavaThread "Notification Thread"        daemon [_thread_blocked, id=26240, stack(0x000000d60f800000,0x000000d60f900000) (1024K)]
  0x000002b619c581b0 JavaThread "QuantumRenderer-0"          daemon [_thread_blocked, id=15620, stack(0x000000d60f500000,0x000000d60f600000) (1024K)]
  0x000002b619355c10 JavaThread "InvokeLaterDispatcher"      daemon [_thread_blocked, id=22940, stack(0x000000d60fa00000,0x000000d60fb00000) (1024K)]
  0x000002b619bac560 JavaThread "JavaFX Application Thread"         [_thread_in_native, id=32228, stack(0x000000d60fb00000,0x000000d60fc00000) (1024K)]
  0x000002b619382cf0 JavaThread "JavaFX-Launcher"                   [_thread_blocked, id=28656, stack(0x000000d610b00000,0x000000d610c00000) (1024K)]
  0x000002b619383360 JavaThread "Thread-2"                   daemon [_thread_in_native, id=40788, stack(0x000000d610a00000,0x000000d610b00000) (1024K)]
  0x000002b619fe9640 JavaThread "HttpClient-1-SelectorManager" daemon [_thread_in_native, id=31940, stack(0x000000d610c00000,0x000000d610d00000) (1024K)]
  0x000002b619aa7250 JavaThread "Prism Font Disposer"        daemon [_thread_blocked, id=2416, stack(0x000000d611000000,0x000000d611100000) (1024K)]
  0x000002b619aa78e0 JavaThread "HttpClient-1-Worker-0"      daemon [_thread_blocked, id=18032, stack(0x000000d611200000,0x000000d611300000) (1024K)]
  0x000002b619aa7f70 JavaThread "HttpClient-1-Worker-1"      daemon [_thread_blocked, id=28716, stack(0x000000d611300000,0x000000d611400000) (1024K)]
  0x000002b619aa8600 JavaThread "HttpClient-1-Worker-2"      daemon [_thread_blocked, id=23820, stack(0x000000d611400000,0x000000d611500000) (1024K)]
  0x000002b619aa6bc0 JavaThread "pool-2-thread-1"                   [_thread_blocked, id=38852, stack(0x000000d611900000,0x000000d611a00000) (1024K)]
  0x000002b619aa9320 JavaThread "ForkJoinPool.commonPool-worker-1" daemon [_thread_blocked, id=16144, stack(0x000000d611500000,0x000000d611600000) (1024K)]
  0x000002b619aa6530 JavaThread "WebSocketConnectReadThread-48"        [_thread_in_native, id=34236, stack(0x000000d611e00000,0x000000d611f00000) (1024K)]
  0x000002b619aa8c90 JavaThread "WebSocketWriteThread-49"           [_thread_blocked, id=15244, stack(0x000000d611f00000,0x000000d612000000) (1024K)]
  0x000002b619aa5ea0 JavaThread "Cleaner-0"                  daemon [_thread_blocked, id=6000, stack(0x000000d612000000,0x000000d612100000) (1024K)]
  0x000002b618ff9460 JavaThread "connectionLostChecker-1"           [_thread_blocked, id=40012, stack(0x000000d612100000,0x000000d612200000) (1024K)]
  0x000002b618ff6670 JavaThread "pool-4-thread-1"                   [_thread_blocked, id=19964, stack(0x000000d611c00000,0x000000d611d00000) (1024K)]
Total: 29

Other Threads:
  0x000002b5d2677650 VMThread "VM Thread"                           [id=37212, stack(0x000000d60eb00000,0x000000d60ec00000) (1024K)]
  0x000002b5d265de80 WatcherThread "VM Periodic Task Thread"        [id=36272, stack(0x000000d60ea00000,0x000000d60eb00000) (1024K)]
  0x000002b5b341dae0 WorkerThread "GC Thread#0"                     [id=37488, stack(0x000000d60e500000,0x000000d60e600000) (1024K)]
  0x000002b61963d2a0 WorkerThread "GC Thread#1"                     [id=412, stack(0x000000d610400000,0x000000d610500000) (1024K)]
  0x000002b61963d640 WorkerThread "GC Thread#2"                     [id=34732, stack(0x000000d610500000,0x000000d610600000) (1024K)]
  0x000002b6183fdcf0 WorkerThread "GC Thread#3"                     [id=4368, stack(0x000000d610600000,0x000000d610700000) (1024K)]
  0x000002b6183fe090 WorkerThread "GC Thread#4"                     [id=37028, stack(0x000000d610700000,0x000000d610800000) (1024K)]
  0x000002b61835ebc0 WorkerThread "GC Thread#5"                     [id=29136, stack(0x000000d610800000,0x000000d610900000) (1024K)]
  0x000002b61835ef60 WorkerThread "GC Thread#6"                     [id=34160, stack(0x000000d610900000,0x000000d610a00000) (1024K)]
  0x000002b6191e75c0 WorkerThread "GC Thread#7"                     [id=12032, stack(0x000000d610d00000,0x000000d610e00000) (1024K)]
  0x000002b6191e5c60 WorkerThread "GC Thread#8"                     [id=41264, stack(0x000000d610e00000,0x000000d610f00000) (1024K)]
  0x000002b6191e7220 WorkerThread "GC Thread#9"                     [id=23700, stack(0x000000d610f00000,0x000000d611000000) (1024K)]
  0x000002b5b342e140 ConcurrentGCThread "G1 Main Marker"            [id=4980, stack(0x000000d60e600000,0x000000d60e700000) (1024K)]
  0x000002b5b342edf0 WorkerThread "G1 Conc#0"                       [id=38748, stack(0x000000d60e700000,0x000000d60e800000) (1024K)]
  0x000002b6191e6000 WorkerThread "G1 Conc#1"                       [id=27584, stack(0x000000d611600000,0x000000d611700000) (1024K)]
  0x000002b6191e63a0 WorkerThread "G1 Conc#2"                       [id=32528, stack(0x000000d611700000,0x000000d611800000) (1024K)]
  0x000002b5d252d1a0 ConcurrentGCThread "G1 Refine#0"               [id=13868, stack(0x000000d60e800000,0x000000d60e900000) (1024K)]
  0x000002b5d252d9c0 ConcurrentGCThread "G1 Service"                [id=24216, stack(0x000000d60e900000,0x000000d60ea00000) (1024K)]
Total: 18

Threads with active compile tasks:
C2 CompilerThread0    44073 6426  s!   4       com.sun.javafx.tk.Toolkit::getToolkit (244 bytes)
C1 CompilerThread0    44074 6427       3       javafx.scene.Node::computeLocalBounds (135 bytes)
Total: 2

VM state: not at safepoint (normal execution)

VM Mutex/Monitor currently owned by a thread: None

Heap address: 0x000000070a000000, size: 3936 MB, Compressed Oops mode: Zero based, Oop shift amount: 3

CDS archive(s) mapped at: [0x000002b5d3000000-0x000002b5d3c90000-0x000002b5d3c90000), size 13172736, SharedBaseAddress: 0x000002b5d3000000, ArchiveRelocationMode: 1.
Compressed class space mapped at: 0x000002b5d4000000-0x000002b614000000, reserved size: 1073741824
Narrow klass base: 0x000002b5d3000000, Narrow klass shift: 0, Narrow klass range: 0x100000000

GC Precious Log:
 CardTable entry size: 512
 Card Set container configuration: InlinePtr #cards 4 size 8 Array Of Cards #cards 16 size 48 Howl #buckets 8 coarsen threshold 3686 Howl Bitmap #cards 512 size 80 coarsen threshold 460 Card regions per heap region 1 cards per card region 4096
 CPUs: 12 total, 12 available
 Memory: 15741M
 Large Page Support: Disabled
 NUMA Support: Disabled
 Compressed Oops: Enabled (Zero based)
 Heap Region Size: 2M
 Heap Min Capacity: 8M
 Heap Initial Capacity: 246M
 Heap Max Capacity: 3936M
 Pre-touch: Disabled
 Parallel Workers: 10
 Concurrent Workers: 3
 Concurrent Refinement Workers: 10
 Periodic GC: Disabled

Heap:
 garbage-first heap   total 131072K, used 77401K [0x000000070a000000, 0x0000000800000000)
  region size 2048K, 10 young (20480K), 2 survivors (4096K)
 Metaspace       used 37966K, committed 38592K, reserved 1114112K
  class space    used 5271K, committed 5568K, reserved 1048576K

Heap Regions: E=young(eden), S=young(survivor), O=old, HS=humongous(starts), HC=humongous(continues), CS=collection set, F=free, TAMS=top-at-mark-start, PB=parsable bottom
|   0|0x000000070a000000, 0x000000070a200000, 0x000000070a200000|100%| O|  |TAMS 0x000000070a000000| PB 0x000000070a000000| Untracked 
|   1|0x000000070a200000, 0x000000070a400000, 0x000000070a400000|100%| O|  |TAMS 0x000000070a200000| PB 0x000000070a200000| Untracked 
|   2|0x000000070a400000, 0x000000070a5dde58, 0x000000070a600000| 93%| O|  |TAMS 0x000000070a400000| PB 0x000000070a400000| Untracked 
|   3|0x000000070a600000, 0x000000070a800000, 0x000000070a800000|100%|HS|  |TAMS 0x000000070a600000| PB 0x000000070a600000| Complete 
|   4|0x000000070a800000, 0x000000070aa00000, 0x000000070aa00000|100%|HS|  |TAMS 0x000000070a800000| PB 0x000000070a800000| Complete 
|   5|0x000000070aa00000, 0x000000070ac00000, 0x000000070ac00000|100%|HS|  |TAMS 0x000000070aa00000| PB 0x000000070aa00000| Complete 
|   6|0x000000070ac00000, 0x000000070ae00000, 0x000000070ae00000|100%|HS|  |TAMS 0x000000070ac00000| PB 0x000000070ac00000| Complete 
|   7|0x000000070ae00000, 0x000000070b000000, 0x000000070b000000|100%|HS|  |TAMS 0x000000070ae00000| PB 0x000000070ae00000| Complete 
|   8|0x000000070b000000, 0x000000070b200000, 0x000000070b200000|100%|HS|  |TAMS 0x000000070b000000| PB 0x000000070b000000| Complete 
|   9|0x000000070b200000, 0x000000070b400000, 0x000000070b400000|100%|HS|  |TAMS 0x000000070b200000| PB 0x000000070b200000| Complete 
|  10|0x000000070b400000, 0x000000070b600000, 0x000000070b600000|100%|HS|  |TAMS 0x000000070b400000| PB 0x000000070b400000| Complete 
|  11|0x000000070b600000, 0x000000070b800000, 0x000000070b800000|100%|HS|  |TAMS 0x000000070b600000| PB 0x000000070b600000| Complete 
|  12|0x000000070b800000, 0x000000070ba00000, 0x000000070ba00000|100%| O|  |TAMS 0x000000070b800000| PB 0x000000070b800000| Untracked 
|  13|0x000000070ba00000, 0x000000070bc00000, 0x000000070bc00000|100%| O|  |TAMS 0x000000070ba00000| PB 0x000000070ba00000| Untracked 
|  14|0x000000070bc00000, 0x000000070be00000, 0x000000070be00000|100%| O|  |TAMS 0x000000070bc00000| PB 0x000000070bc00000| Untracked 
|  15|0x000000070be00000, 0x000000070c000000, 0x000000070c000000|100%| O|  |TAMS 0x000000070be00000| PB 0x000000070be00000| Untracked 
|  16|0x000000070c000000, 0x000000070c200000, 0x000000070c200000|100%| O|  |TAMS 0x000000070c000000| PB 0x000000070c000000| Untracked 
|  17|0x000000070c200000, 0x000000070c400000, 0x000000070c400000|100%| O|  |TAMS 0x000000070c200000| PB 0x000000070c200000| Untracked 
|  18|0x000000070c400000, 0x000000070c600000, 0x000000070c600000|100%| O|  |TAMS 0x000000070c400000| PB 0x000000070c400000| Untracked 
|  19|0x000000070c600000, 0x000000070c800000, 0x000000070c800000|100%| O|  |TAMS 0x000000070c600000| PB 0x000000070c600000| Untracked 
|  20|0x000000070c800000, 0x000000070ca00000, 0x000000070ca00000|100%| O|Cm|TAMS 0x000000070c800000| PB 0x000000070c800000| Complete 
|  21|0x000000070ca00000, 0x000000070cc00000, 0x000000070cc00000|100%|HS|  |TAMS 0x000000070ca00000| PB 0x000000070ca00000| Complete 
|  22|0x000000070cc00000, 0x000000070cd79830, 0x000000070ce00000| 73%| O|  |TAMS 0x000000070cc00000| PB 0x000000070cc00000| Untracked 
|  23|0x000000070ce00000, 0x000000070d000000, 0x000000070d000000|100%|HS|  |TAMS 0x000000070ce00000| PB 0x000000070ce00000| Complete 
|  24|0x000000070d000000, 0x000000070d200000, 0x000000070d200000|100%|HS|  |TAMS 0x000000070d000000| PB 0x000000070d000000| Complete 
|  25|0x000000070d200000, 0x000000070d400000, 0x000000070d400000|100%|HS|  |TAMS 0x000000070d200000| PB 0x000000070d200000| Complete 
|  26|0x000000070d400000, 0x000000070d600000, 0x000000070d600000|100%| O|  |TAMS 0x000000070d400000| PB 0x000000070d400000| Untracked 
|  27|0x000000070d600000, 0x000000070d800000, 0x000000070d800000|100%|HS|  |TAMS 0x000000070d600000| PB 0x000000070d600000| Complete 
|  28|0x000000070d800000, 0x000000070da00000, 0x000000070da00000|100%|HS|  |TAMS 0x000000070d800000| PB 0x000000070d800000| Complete 
|  29|0x000000070da00000, 0x000000070dc00000, 0x000000070dc00000|100%|HS|  |TAMS 0x000000070da00000| PB 0x000000070da00000| Complete 
|  30|0x000000070dc00000, 0x000000070dc00000, 0x000000070de00000|  0%| F|  |TAMS 0x000000070dc00000| PB 0x000000070dc00000| Untracked 
|  31|0x000000070de00000, 0x000000070de00000, 0x000000070e000000|  0%| F|  |TAMS 0x000000070de00000| PB 0x000000070de00000| Untracked 
|  32|0x000000070e000000, 0x000000070e000000, 0x000000070e200000|  0%| F|  |TAMS 0x000000070e000000| PB 0x000000070e000000| Untracked 
|  33|0x000000070e200000, 0x000000070e200000, 0x000000070e400000|  0%| F|  |TAMS 0x000000070e200000| PB 0x000000070e200000| Untracked 
|  34|0x000000070e400000, 0x000000070e400000, 0x000000070e600000|  0%| F|  |TAMS 0x000000070e400000| PB 0x000000070e400000| Untracked 
|  35|0x000000070e600000, 0x000000070e600000, 0x000000070e800000|  0%| F|  |TAMS 0x000000070e600000| PB 0x000000070e600000| Untracked 
|  36|0x000000070e800000, 0x000000070e800000, 0x000000070ea00000|  0%| F|  |TAMS 0x000000070e800000| PB 0x000000070e800000| Untracked 
|  37|0x000000070ea00000, 0x000000070ea00000, 0x000000070ec00000|  0%| F|  |TAMS 0x000000070ea00000| PB 0x000000070ea00000| Untracked 
|  38|0x000000070ec00000, 0x000000070ec00000, 0x000000070ee00000|  0%| F|  |TAMS 0x000000070ec00000| PB 0x000000070ec00000| Untracked 
|  39|0x000000070ee00000, 0x000000070ee3f030, 0x000000070f000000| 12%| S|CS|TAMS 0x000000070ee00000| PB 0x000000070ee00000| Complete 
|  40|0x000000070f000000, 0x000000070f200000, 0x000000070f200000|100%| S|CS|TAMS 0x000000070f000000| PB 0x000000070f000000| Complete 
|  41|0x000000070f200000, 0x000000070f200000, 0x000000070f400000|  0%| F|  |TAMS 0x000000070f200000| PB 0x000000070f200000| Untracked 
|  42|0x000000070f400000, 0x000000070f400000, 0x000000070f600000|  0%| F|  |TAMS 0x000000070f400000| PB 0x000000070f400000| Untracked 
|  43|0x000000070f600000, 0x000000070f600000, 0x000000070f800000|  0%| F|  |TAMS 0x000000070f600000| PB 0x000000070f600000| Untracked 
|  44|0x000000070f800000, 0x000000070f800000, 0x000000070fa00000|  0%| F|  |TAMS 0x000000070f800000| PB 0x000000070f800000| Untracked 
|  45|0x000000070fa00000, 0x000000070fa00000, 0x000000070fc00000|  0%| F|  |TAMS 0x000000070fa00000| PB 0x000000070fa00000| Untracked 
|  46|0x000000070fc00000, 0x000000070fc00000, 0x000000070fe00000|  0%| F|  |TAMS 0x000000070fc00000| PB 0x000000070fc00000| Untracked 
|  47|0x000000070fe00000, 0x000000070fe00000, 0x0000000710000000|  0%| F|  |TAMS 0x000000070fe00000| PB 0x000000070fe00000| Untracked 
|  48|0x0000000710000000, 0x0000000710000000, 0x0000000710200000|  0%| F|  |TAMS 0x0000000710000000| PB 0x0000000710000000| Untracked 
|  49|0x0000000710200000, 0x0000000710200000, 0x0000000710400000|  0%| F|  |TAMS 0x0000000710200000| PB 0x0000000710200000| Untracked 
|  50|0x0000000710400000, 0x0000000710400000, 0x0000000710600000|  0%| F|  |TAMS 0x0000000710400000| PB 0x0000000710400000| Untracked 
|  51|0x0000000710600000, 0x0000000710600000, 0x0000000710800000|  0%| F|  |TAMS 0x0000000710600000| PB 0x0000000710600000| Untracked 
|  52|0x0000000710800000, 0x0000000710800000, 0x0000000710a00000|  0%| F|  |TAMS 0x0000000710800000| PB 0x0000000710800000| Untracked 
|  53|0x0000000710a00000, 0x0000000710a00000, 0x0000000710c00000|  0%| F|  |TAMS 0x0000000710a00000| PB 0x0000000710a00000| Untracked 
|  54|0x0000000710c00000, 0x0000000710c00000, 0x0000000710e00000|  0%| F|  |TAMS 0x0000000710c00000| PB 0x0000000710c00000| Untracked 
|  55|0x0000000710e00000, 0x0000000710e00000, 0x0000000711000000|  0%| F|  |TAMS 0x0000000710e00000| PB 0x0000000710e00000| Untracked 
|  56|0x0000000711000000, 0x0000000711181dc0, 0x0000000711200000| 75%| E|  |TAMS 0x0000000711000000| PB 0x0000000711000000| Complete 
|  57|0x0000000711200000, 0x0000000711400000, 0x0000000711400000|100%| E|CS|TAMS 0x0000000711200000| PB 0x0000000711200000| Complete 
|  58|0x0000000711400000, 0x0000000711600000, 0x0000000711600000|100%| E|CS|TAMS 0x0000000711400000| PB 0x0000000711400000| Complete 
|  97|0x0000000716200000, 0x0000000716400000, 0x0000000716400000|100%| E|CS|TAMS 0x0000000716200000| PB 0x0000000716200000| Complete 
|  98|0x0000000716400000, 0x0000000716600000, 0x0000000716600000|100%| E|CS|TAMS 0x0000000716400000| PB 0x0000000716400000| Complete 
|  99|0x0000000716600000, 0x0000000716800000, 0x0000000716800000|100%| E|CS|TAMS 0x0000000716600000| PB 0x0000000716600000| Complete 
| 100|0x0000000716800000, 0x0000000716a00000, 0x0000000716a00000|100%| E|CS|TAMS 0x0000000716800000| PB 0x0000000716800000| Complete 
| 122|0x0000000719400000, 0x0000000719600000, 0x0000000719600000|100%| E|CS|TAMS 0x0000000719400000| PB 0x0000000719400000| Complete 

Card table byte_map: [0x000002b5cb500000,0x000002b5cbcb0000] _byte_map_base: 0x000002b5c7cb0000

Marking Bits: (CMBitMap*) 0x000002b5b341e1e0
 Bits: [0x000002b5cbcb0000, 0x000002b5cfa30000)

Polling page: 0x000002b5b12f0000

Metaspace:

Usage:
  Non-class:     31.93 MB used.
      Class:      5.15 MB used.
       Both:     37.08 MB used.

Virtual space:
  Non-class space:       64.00 MB reserved,      32.25 MB ( 50%) committed,  1 nodes.
      Class space:        1.00 GB reserved,       5.44 MB ( <1%) committed,  1 nodes.
             Both:        1.06 GB reserved,      37.69 MB (  3%) committed. 

Chunk freelists:
   Non-Class:  14.98 MB
       Class:  10.61 MB
        Both:  25.59 MB

MaxMetaspaceSize: unlimited
CompressedClassSpaceSize: 1.00 GB
Initial GC threshold: 21.00 MB
Current GC threshold: 56.88 MB
CDS: on
 - commit_granule_bytes: 65536.
 - commit_granule_words: 8192.
 - virtual_space_node_default_size: 8388608.
 - enlarge_chunks_in_place: 1.
 - use_allocation_guard: 0.


Internal statistics:

num_allocs_failed_limit: 3.
num_arena_births: 668.
num_arena_deaths: 0.
num_vsnodes_births: 2.
num_vsnodes_deaths: 0.
num_space_committed: 603.
num_space_uncommitted: 0.
num_chunks_returned_to_freelist: 3.
num_chunks_taken_from_freelist: 1925.
num_chunk_merges: 0.
num_chunk_splits: 1343.
num_chunks_enlarged: 979.
num_inconsistent_stats: 0.

CodeHeap 'non-profiled nmethods': size=120000Kb used=3196Kb max_used=3196Kb free=116803Kb
 bounds [0x000002b5c32d0000, 0x000002b5c35f0000, 0x000002b5ca800000]
CodeHeap 'profiled nmethods': size=120000Kb used=12605Kb max_used=12605Kb free=107394Kb
 bounds [0x000002b5bb800000, 0x000002b5bc450000, 0x000002b5c2d30000]
CodeHeap 'non-nmethods': size=5760Kb used=1972Kb max_used=2032Kb free=3787Kb
 bounds [0x000002b5c2d30000, 0x000002b5c2fa0000, 0x000002b5c32d0000]
 total_blobs=6830 nmethods=5882 adapters=850
 compilation: enabled
              stopped_count=0, restarted_count=0
 full_count=0

Compilation events (20 events):
Event: 34.027 Thread 0x000002b5d269a660 nmethod 6416 0x000002b5c35e7190 code [0x000002b5c35e73c0, 0x000002b5c35e7b80]
Event: 34.176 Thread 0x000002b5d269a660 6417       4       javafx.animation.Animation$1::timePulse (56 bytes)
Event: 34.226 Thread 0x000002b5d269a660 nmethod 6417 0x000002b5c35e8090 code [0x000002b5c35e8400, 0x000002b5c35e96a0]
Event: 34.831 Thread 0x000002b5d269a660 6418       4       java.util.WeakHashMap$Entry::getKey (8 bytes)
Event: 34.832 Thread 0x000002b5d269a660 nmethod 6418 0x000002b5c35ea390 code [0x000002b5c35ea520, 0x000002b5c35ea618]
Event: 35.048 Thread 0x000002b5d269d110 6419       3       java.util.LinkedList$ListItr::<init> (47 bytes)
Event: 35.049 Thread 0x000002b5d269d110 nmethod 6419 0x000002b5bc44cc10 code [0x000002b5bc44cde0, 0x000002b5bc44d0f0]
Event: 37.444 Thread 0x000002b5d269a660 6420       4       java.util.WeakHashMap::<init> (124 bytes)
Event: 37.467 Thread 0x000002b5d269a660 nmethod 6420 0x000002b5c35ea710 code [0x000002b5c35ea900, 0x000002b5c35eb230]
Event: 39.154 Thread 0x000002b5d269d110 6421       3       javafx.scene.layout.FlowPane::computeMinHeight (108 bytes)
Event: 39.154 Thread 0x000002b5d269a660 6422       4       com.sun.javafx.collections.VetoableListDecorator::isEmpty (10 bytes)
Event: 39.156 Thread 0x000002b5d269d110 nmethod 6421 0x000002b5bc44d210 code [0x000002b5bc44d580, 0x000002b5bc44eb38]
Event: 39.157 Thread 0x000002b5d269d110 6423       3       com.sun.javafx.geom.DirtyRegionContainer::reset (6 bytes)
Event: 39.157 Thread 0x000002b5d269d110 nmethod 6423 0x000002b5bc44f290 code [0x000002b5bc44f420, 0x000002b5bc44f530]
Event: 39.157 Thread 0x000002b5d269a660 nmethod 6422 0x000002b5c35eb590 code [0x000002b5c35eb740, 0x000002b5c35eb8b8]
Event: 39.481 Thread 0x000002b5d269a660 6424       4       java.util.WeakHashMap::putAll (135 bytes)
Event: 39.623 Thread 0x000002b5d269a660 nmethod 6424 0x000002b5c35eba90 code [0x000002b5c35ebe00, 0x000002b5c35ed870]
Event: 43.817 Thread 0x000002b5d269d110 6425       1       com.sun.javafx.scene.control.inputmap.InputMap::getChildInputMaps (5 bytes)
Event: 43.817 Thread 0x000002b5d269d110 nmethod 6425 0x000002b5c35ef010 code [0x000002b5c35ef1a0, 0x000002b5c35ef270]
Event: 43.982 Thread 0x000002b5d269a660 6426  s!   4       com.sun.javafx.tk.Toolkit::getToolkit (244 bytes)

GC Heap History (20 events):
Event: 1.677 GC heap before
{Heap before GC invocations=0 (full 0):
 garbage-first heap   total 251904K, used 22528K [0x000000070a000000, 0x0000000800000000)
  region size 2048K, 11 young (22528K), 0 survivors (0K)
 Metaspace       used 3871K, committed 4032K, reserved 1114112K
  class space    used 369K, committed 448K, reserved 1048576K
}
Event: 1.685 GC heap after
{Heap after GC invocations=1 (full 0):
 garbage-first heap   total 251904K, used 5722K [0x000000070a000000, 0x0000000800000000)
  region size 2048K, 2 young (4096K), 2 survivors (4096K)
 Metaspace       used 3871K, committed 4032K, reserved 1114112K
  class space    used 369K, committed 448K, reserved 1048576K
}
Event: 3.747 GC heap before
{Heap before GC invocations=1 (full 0):
 garbage-first heap   total 251904K, used 32346K [0x000000070a000000, 0x0000000800000000)
  region size 2048K, 16 young (32768K), 2 survivors (4096K)
 Metaspace       used 14663K, committed 14912K, reserved 1114112K
  class space    used 1727K, committed 1856K, reserved 1048576K
}
Event: 3.756 GC heap after
{Heap after GC invocations=2 (full 0):
 garbage-first heap   total 251904K, used 9943K [0x000000070a000000, 0x0000000800000000)
  region size 2048K, 2 young (4096K), 2 survivors (4096K)
 Metaspace       used 14663K, committed 14912K, reserved 1114112K
  class space    used 1727K, committed 1856K, reserved 1048576K
}
Event: 5.647 GC heap before
{Heap before GC invocations=2 (full 0):
 garbage-first heap   total 251904K, used 46807K [0x000000070a000000, 0x0000000800000000)
  region size 2048K, 22 young (45056K), 2 survivors (4096K)
 Metaspace       used 21115K, committed 21504K, reserved 1114112K
  class space    used 2762K, committed 2944K, reserved 1048576K
}
Event: 5.658 GC heap after
{Heap after GC invocations=3 (full 0):
 garbage-first heap   total 251904K, used 14199K [0x000000070a000000, 0x0000000800000000)
  region size 2048K, 4 young (8192K), 4 survivors (8192K)
 Metaspace       used 21115K, committed 21504K, reserved 1114112K
  class space    used 2762K, committed 2944K, reserved 1048576K
}
Event: 6.559 GC heap before
{Heap before GC invocations=4 (full 0):
 garbage-first heap   total 55296K, used 53111K [0x000000070a000000, 0x0000000800000000)
  region size 2048K, 15 young (30720K), 4 survivors (8192K)
 Metaspace       used 23933K, committed 24384K, reserved 1114112K
  class space    used 3297K, committed 3456K, reserved 1048576K
}
Event: 6.570 GC heap after
{Heap after GC invocations=5 (full 0):
 garbage-first heap   total 71680K, used 40309K [0x000000070a000000, 0x0000000800000000)
  region size 2048K, 8 young (16384K), 8 survivors (16384K)
 Metaspace       used 23933K, committed 24384K, reserved 1114112K
  class space    used 3297K, committed 3456K, reserved 1048576K
}
Event: 6.831 GC heap before
{Heap before GC invocations=5 (full 0):
 garbage-first heap   total 71680K, used 48501K [0x000000070a000000, 0x0000000800000000)
  region size 2048K, 12 young (24576K), 8 survivors (16384K)
 Metaspace       used 25105K, committed 25536K, reserved 1114112K
  class space    used 3528K, committed 3712K, reserved 1048576K
}
Event: 6.845 GC heap after
{Heap after GC invocations=6 (full 0):
 garbage-first heap   total 71680K, used 42743K [0x000000070a000000, 0x0000000800000000)
  region size 2048K, 1 young (2048K), 1 survivors (2048K)
 Metaspace       used 25105K, committed 25536K, reserved 1114112K
  class space    used 3528K, committed 3712K, reserved 1048576K
}
Event: 7.291 GC heap before
{Heap before GC invocations=6 (full 0):
 garbage-first heap   total 71680K, used 44791K [0x000000070a000000, 0x0000000800000000)
  region size 2048K, 3 young (6144K), 1 survivors (2048K)
 Metaspace       used 25655K, committed 26176K, reserved 1114112K
  class space    used 3581K, committed 3840K, reserved 1048576K
}
Event: 7.294 GC heap after
{Heap after GC invocations=7 (full 0):
 garbage-first heap   total 71680K, used 42873K [0x000000070a000000, 0x0000000800000000)
  region size 2048K, 1 young (2048K), 1 survivors (2048K)
 Metaspace       used 25655K, committed 26176K, reserved 1114112K
  class space    used 3581K, committed 3840K, reserved 1048576K
}
Event: 9.009 GC heap before
{Heap before GC invocations=8 (full 0):
 garbage-first heap   total 81920K, used 57209K [0x000000070a000000, 0x0000000800000000)
  region size 2048K, 8 young (16384K), 1 survivors (2048K)
 Metaspace       used 29331K, committed 29824K, reserved 1114112K
  class space    used 3955K, committed 4160K, reserved 1048576K
}
Event: 9.013 GC heap after
{Heap after GC invocations=9 (full 0):
 garbage-first heap   total 81920K, used 43821K [0x000000070a000000, 0x0000000800000000)
  region size 2048K, 1 young (2048K), 1 survivors (2048K)
 Metaspace       used 29331K, committed 29824K, reserved 1114112K
  class space    used 3955K, committed 4160K, reserved 1048576K
}
Event: 13.138 GC heap before
{Heap before GC invocations=9 (full 0):
 garbage-first heap   total 81920K, used 76589K [0x000000070a000000, 0x0000000800000000)
  region size 2048K, 12 young (24576K), 1 survivors (2048K)
 Metaspace       used 34407K, committed 34880K, reserved 1114112K
  class space    used 4591K, committed 4800K, reserved 1048576K
}
Event: 13.144 GC heap after
{Heap after GC invocations=10 (full 0):
 garbage-first heap   total 83968K, used 54692K [0x000000070a000000, 0x0000000800000000)
  region size 2048K, 2 young (4096K), 2 survivors (4096K)
 Metaspace       used 34407K, committed 34880K, reserved 1114112K
  class space    used 4591K, committed 4800K, reserved 1048576K
}
Event: 13.174 GC heap before
{Heap before GC invocations=10 (full 0):
 garbage-first heap   total 83968K, used 54692K [0x000000070a000000, 0x0000000800000000)
  region size 2048K, 3 young (6144K), 2 survivors (4096K)
 Metaspace       used 34503K, committed 34944K, reserved 1114112K
  class space    used 4613K, committed 4800K, reserved 1048576K
}
Event: 13.179 GC heap after
{Heap after GC invocations=11 (full 0):
 garbage-first heap   total 83968K, used 55056K [0x000000070a000000, 0x0000000800000000)
  region size 2048K, 1 young (2048K), 1 survivors (2048K)
 Metaspace       used 34503K, committed 34944K, reserved 1114112K
  class space    used 4613K, committed 4800K, reserved 1048576K
}
Event: 13.916 GC heap before
{Heap before GC invocations=12 (full 0):
 garbage-first heap   total 102400K, used 75536K [0x000000070a000000, 0x0000000800000000)
  region size 2048K, 9 young (18432K), 1 survivors (2048K)
 Metaspace       used 36558K, committed 37120K, reserved 1114112K
  class space    used 5069K, committed 5312K, reserved 1048576K
}
Event: 13.922 GC heap after
{Heap after GC invocations=13 (full 0):
 garbage-first heap   total 131072K, used 61017K [0x000000070a000000, 0x0000000800000000)
  region size 2048K, 2 young (4096K), 2 survivors (4096K)
 Metaspace       used 36558K, committed 37120K, reserved 1114112K
  class space    used 5069K, committed 5312K, reserved 1048576K
}

Dll operation events (20 events):
Event: 1.116 Loaded shared library D:\Program Files\JavaFXSDK\javafx-sdk-22.0.1\bin\api-ms-win-crt-multibyte-l1-1-0.dll
Event: 1.120 Loaded shared library D:\Program Files\JavaFXSDK\javafx-sdk-22.0.1\bin\api-ms-win-crt-private-l1-1-0.dll
Event: 1.123 Loaded shared library D:\Program Files\JavaFXSDK\javafx-sdk-22.0.1\bin\api-ms-win-crt-process-l1-1-0.dll
Event: 1.127 Loaded shared library D:\Program Files\JavaFXSDK\javafx-sdk-22.0.1\bin\api-ms-win-crt-runtime-l1-1-0.dll
Event: 1.132 Loaded shared library D:\Program Files\JavaFXSDK\javafx-sdk-22.0.1\bin\api-ms-win-crt-stdio-l1-1-0.dll
Event: 1.136 Loaded shared library D:\Program Files\JavaFXSDK\javafx-sdk-22.0.1\bin\api-ms-win-crt-string-l1-1-0.dll
Event: 1.140 Loaded shared library D:\Program Files\JavaFXSDK\javafx-sdk-22.0.1\bin\api-ms-win-crt-time-l1-1-0.dll
Event: 1.143 Loaded shared library D:\Program Files\JavaFXSDK\javafx-sdk-22.0.1\bin\api-ms-win-crt-utility-l1-1-0.dll
Event: 1.151 Loaded shared library D:\Program Files\JavaFXSDK\javafx-sdk-22.0.1\bin\ucrtbase.dll
Event: 1.155 Loaded shared library D:\Program Files\JavaFXSDK\javafx-sdk-22.0.1\bin\vcruntime140.dll
Event: 1.159 Loaded shared library D:\Program Files\JavaFXSDK\javafx-sdk-22.0.1\bin\vcruntime140_1.dll
Event: 1.167 Loaded shared library D:\Program Files\JavaFXSDK\javafx-sdk-22.0.1\bin\msvcp140.dll
Event: 1.171 Loaded shared library D:\Program Files\JavaFXSDK\javafx-sdk-22.0.1\bin\msvcp140_1.dll
Event: 1.179 Loaded shared library D:\Program Files\JavaFXSDK\javafx-sdk-22.0.1\bin\msvcp140_2.dll
Event: 1.267 Loaded shared library D:\Program Files\JavaFXSDK\javafx-sdk-22.0.1\bin\prism_d3d.dll
Event: 1.514 Loaded shared library D:\Program Files\JavaFXSDK\javafx-sdk-22.0.1\bin\glass.dll
Event: 2.380 Loaded shared library C:\Program Files\Java\jdk-21\bin\sunmscapi.dll
Event: 3.160 Loaded shared library C:\Program Files\Java\jdk-21\bin\verify.dll
Event: 3.809 Loaded shared library C:\Program Files\Java\jdk-21\bin\prefs.dll
Event: 3.859 Loaded shared library D:\Program Files\JavaFXSDK\javafx-sdk-22.0.1\bin\javafx_font.dll

Deoptimization events (20 events):
Event: 25.670 Thread 0x000002b619bac560 Uncommon trap: trap_request=0xffffffc6 fr.pc=0x000002b5c34cd764 relative=0x0000000000000184
Event: 25.670 Thread 0x000002b619bac560 Uncommon trap: reason=bimorphic_or_optimized_type_check action=maybe_recompile pc=0x000002b5c34cd764 method=javafx.beans.property.BooleanPropertyBase.get()Z @ 23 c2
Event: 25.670 Thread 0x000002b619bac560 DEOPT PACKING pc=0x000002b5c34cd764 sp=0x000000d60fbfd7b0
Event: 25.670 Thread 0x000002b619bac560 DEOPT UNPACKING pc=0x000002b5c2d846a2 sp=0x000000d60fbfd6f0 mode 2
Event: 27.357 Thread 0x000002b619bac560 Uncommon trap: trap_request=0xffffffbe fr.pc=0x000002b5c35c91e8 relative=0x0000000000007408
Event: 27.357 Thread 0x000002b619bac560 Uncommon trap: reason=profile_predicate action=maybe_recompile pc=0x000002b5c35c91e8 method=javafx.scene.CssStyleHelper.transitionToState(Ljavafx/scene/Node;)V @ 291 c2
Event: 27.357 Thread 0x000002b619bac560 DEOPT PACKING pc=0x000002b5c35c91e8 sp=0x000000d60fbfde90
Event: 27.357 Thread 0x000002b619bac560 DEOPT UNPACKING pc=0x000002b5c2d846a2 sp=0x000000d60fbfde28 mode 2
Event: 28.817 Thread 0x000002b619bac560 Uncommon trap: trap_request=0xffffffbe fr.pc=0x000002b5c35c91e8 relative=0x0000000000007408
Event: 28.817 Thread 0x000002b619bac560 Uncommon trap: reason=profile_predicate action=maybe_recompile pc=0x000002b5c35c91e8 method=javafx.scene.CssStyleHelper.transitionToState(Ljavafx/scene/Node;)V @ 291 c2
Event: 28.817 Thread 0x000002b619bac560 DEOPT PACKING pc=0x000002b5c35c91e8 sp=0x000000d60fbfded0
Event: 28.817 Thread 0x000002b619bac560 DEOPT UNPACKING pc=0x000002b5c2d846a2 sp=0x000000d60fbfde68 mode 2
Event: 28.817 Thread 0x000002b619bac560 Uncommon trap: trap_request=0xffffffbe fr.pc=0x000002b5c35c91e8 relative=0x0000000000007408
Event: 28.817 Thread 0x000002b619bac560 Uncommon trap: reason=profile_predicate action=maybe_recompile pc=0x000002b5c35c91e8 method=javafx.scene.CssStyleHelper.transitionToState(Ljavafx/scene/Node;)V @ 291 c2
Event: 28.817 Thread 0x000002b619bac560 DEOPT PACKING pc=0x000002b5c35c91e8 sp=0x000000d60fbfde90
Event: 28.817 Thread 0x000002b619bac560 DEOPT UNPACKING pc=0x000002b5c2d846a2 sp=0x000000d60fbfde28 mode 2
Event: 39.153 Thread 0x000002b619bac560 Uncommon trap: trap_request=0xffffffbe fr.pc=0x000002b5c35c91e8 relative=0x0000000000007408
Event: 39.153 Thread 0x000002b619bac560 Uncommon trap: reason=profile_predicate action=maybe_recompile pc=0x000002b5c35c91e8 method=javafx.scene.CssStyleHelper.transitionToState(Ljavafx/scene/Node;)V @ 291 c2
Event: 39.153 Thread 0x000002b619bac560 DEOPT PACKING pc=0x000002b5c35c91e8 sp=0x000000d60fbfded0
Event: 39.154 Thread 0x000002b619bac560 DEOPT UNPACKING pc=0x000002b5c2d846a2 sp=0x000000d60fbfde68 mode 2

Classes loaded (20 events):
Event: 13.173 Loading class java/util/AbstractMap$2$1
Event: 13.173 Loading class java/util/AbstractMap$2$1 done
Event: 13.488 Loading class java/util/BitSet$1BitSetSpliterator
Event: 13.488 Loading class java/util/BitSet$1BitSetSpliterator done
Event: 13.489 Loading class java/util/stream/IntPipeline$1
Event: 13.489 Loading class java/util/stream/IntPipeline$1 done
Event: 13.489 Loading class java/util/stream/IntPipeline$1$1
Event: 13.490 Loading class java/util/stream/IntPipeline$1$1 done
Event: 16.007 Loading class java/util/concurrent/CompletableFuture$UniRun
Event: 16.007 Loading class java/util/concurrent/CompletableFuture$UniRun done
Event: 16.208 Loading class java/lang/AnchorPane
Event: 16.208 Loading class java/lang/AnchorPane done
Event: 16.209 Loading class java/util/AnchorPane
Event: 16.209 Loading class java/util/AnchorPane done
Event: 16.214 Loading class java/lang/Label
Event: 16.214 Loading class java/lang/Label done
Event: 16.214 Loading class java/util/Label
Event: 16.214 Loading class java/util/Label done
Event: 17.108 Loading class jdk/internal/math/FormattedFPDecimal
Event: 17.108 Loading class jdk/internal/math/FormattedFPDecimal done

Classes unloaded (0 events):
No events

Classes redefined (0 events):
No events

Internal exceptions (20 events):
Event: 9.201 Thread 0x000002b619aa9320 Exception <a 'java/lang/NoSuchMethodError'{0x00000007166958e8}: 'long java.lang.invoke.DirectMethodHandle$Holder.invokeInterface(java.lang.Object, java.lang.Object)'> (0x00000007166958e8) 
thrown [s\open\src\hotspot\share\interpreter\linkResolver.cpp, line 773]
Event: 9.202 Thread 0x000002b619aa9320 Exception <a 'java/lang/IncompatibleClassChangeError'{0x00000007166988e8}: Found class java.lang.Object, but interface was expected> (0x00000007166988e8) 
thrown [s\open\src\hotspot\share\interpreter\linkResolver.cpp, line 840]
Event: 9.659 Thread 0x000002b619bac560 Exception <a 'java/lang/ClassNotFoundException'{0x000000070e4234d8}: javax/smartcardio/CardPermission> (0x000000070e4234d8) 
thrown [s\open\src\hotspot\share\classfile\systemDictionary.cpp, line 312]
Event: 9.669 Thread 0x000002b619bac560 Exception <a 'java/io/FileNotFoundException'{0x000000070e431e18}> (0x000000070e431e18) 
thrown [s\open\src\hotspot\share\prims\jni.cpp, line 520]
Event: 9.711 Thread 0x000002b619bac560 Exception <a 'java/lang/NoSuchMethodError'{0x000000070e4a1bd8}: 'java.lang.Object java.lang.invoke.DirectMethodHandle$Holder.invokeSpecial(java.lang.Object, java.lang.Object, java.lang.Object, long, java.lang.Object)'> (0x000000070e4a1bd8) 
thrown [s\open\src\hotspot\share\interpreter\linkResolver.cpp, line 773]
Event: 9.712 Thread 0x000002b619bac560 Exception <a 'java/lang/NoSuchMethodError'{0x000000070e4a5528}: 'java.lang.Object java.lang.invoke.Invokers$Holder.linkToTargetMethod(java.lang.Object, long, java.lang.Object, java.lang.Object)'> (0x000000070e4a5528) 
thrown [s\open\src\hotspot\share\interpreter\linkResolver.cpp, line 773]
Event: 9.764 Thread 0x000002b619aa9320 Exception <a 'java/lang/NoSuchMethodError'{0x000000070e52a980}: 'void java.lang.invoke.DirectMethodHandle$Holder.invokeVirtual(java.lang.Object, java.lang.Object, long)'> (0x000000070e52a980) 
thrown [s\open\src\hotspot\share\interpreter\linkResolver.cpp, line 773]
Event: 9.765 Thread 0x000002b619aa9320 Exception <a 'java/lang/NoSuchMethodError'{0x000000070e52e2b8}: 'long java.lang.invoke.DirectMethodHandle$Holder.invokeStatic(java.lang.Object, java.lang.Object, int)'> (0x000000070e52e2b8) 
thrown [s\open\src\hotspot\share\interpreter\linkResolver.cpp, line 773]
Event: 9.767 Thread 0x000002b619aa9320 Exception <a 'java/lang/NoSuchMethodError'{0x000000070e537e18}: 'void java.lang.invoke.DelegatingMethodHandle$Holder.reinvoke_L(java.lang.Object, java.lang.Object, long)'> (0x000000070e537e18) 
thrown [s\open\src\hotspot\share\interpreter\linkResolver.cpp, line 773]
Event: 9.874 Thread 0x000002b619aa9320 Exception <a 'java/lang/NoSuchMethodError'{0x000000070e283418}: 'void java.lang.invoke.DirectMethodHandle$Holder.invokeVirtual(java.lang.Object, java.lang.Object, int)'> (0x000000070e283418) 
thrown [s\open\src\hotspot\share\interpreter\linkResolver.cpp, line 773]
Event: 9.891 Thread 0x000002b619c581b0 Exception <a 'java/lang/NoSuchMethodError'{0x0000000719436b28}: 'java.lang.Object java.lang.invoke.DirectMethodHandle$Holder.invokeStaticInit(java.lang.Object, int)'> (0x0000000719436b28) 
thrown [s\open\src\hotspot\share\interpreter\linkResolver.cpp, line 773]
Event: 10.539 Thread 0x000002b619bac560 Implicit null exception at 0x000002b5c34cd230 to 0x000002b5c34cd2a4
Event: 13.161 Thread 0x000002b619bac560 Implicit null exception at 0x000002b5c34a605e to 0x000002b5c34a60e4
Event: 13.327 Thread 0x000002b619bac560 Exception <a 'java/lang/ClassNotFoundException'{0x00000007166eafe8}: com/sun/javafx/scene/control/skin/resources/controls> (0x00000007166eafe8) 
thrown [s\open\src\hotspot\share\prims\jni.cpp, line 539]
Event: 13.330 Thread 0x000002b619bac560 Exception <a 'java/lang/ClassNotFoundException'{0x00000007166f91b0}: com/sun/javafx/scene/control/skin/resources/controls_en> (0x00000007166f91b0) 
thrown [s\open\src\hotspot\share\prims\jni.cpp, line 539]
Event: 13.330 Thread 0x000002b619bac560 Exception <a 'java/lang/ClassNotFoundException'{0x00000007166faa68}: com/sun/javafx/scene/control/skin/resources/controls_en_US> (0x00000007166faa68) 
thrown [s\open\src\hotspot\share\prims\jni.cpp, line 539]
Event: 13.393 Thread 0x000002b619bac560 Exception <a 'java/lang/NoSuchMethodError'{0x000000071646f198}: 'void java.lang.invoke.DirectMethodHandle$Holder.invokeSpecial(java.lang.Object, java.lang.Object, java.lang.Object, java.lang.Object, java.lang.Object, java.lang.Object)'> (0x000000071646f198) 
thrown [s\open\src\hotspot\share\interpreter\linkResolver.cpp, line 773]
Event: 16.767 Thread 0x000002b619bac560 Exception <a 'java/lang/NoSuchMethodError'{0x00000007162d6740}: 'java.lang.Object java.lang.invoke.DirectMethodHandle$Holder.newInvokeSpecial(java.lang.Object, java.lang.Object, int, int, int, int, int, java.lang.Object)'> (0x00000007162d6740) 
thrown [s\open\src\hotspot\share\interpreter\linkResolver.cpp, line 773]
Event: 16.772 Thread 0x000002b619bac560 Exception <a 'java/lang/NoSuchMethodError'{0x00000007162f69e8}: 'java.lang.Object java.lang.invoke.DirectMethodHandle$Holder.newInvokeSpecial(java.lang.Object, java.lang.Object, java.lang.Object, int, int, int, int, int)'> (0x00000007162f69e8) 
thrown [s\open\src\hotspot\share\interpreter\linkResolver.cpp, line 773]
Event: 16.773 Thread 0x000002b619bac560 Exception <a 'java/lang/NoSuchMethodError'{0x00000007162fdd28}: 'java.lang.Object java.lang.invoke.Invokers$Holder.linkToTargetMethod(java.lang.Object, java.lang.Object, int, int, int, int, int, java.lang.Object)'> (0x00000007162fdd28) 
thrown [s\open\src\hotspot\share\interpreter\linkResolver.cpp, line 773]

ZGC Phase Switch (0 events):
No events

VM Operations (20 events):
Event: 22.137 Executing VM operation: Cleanup
Event: 22.137 Executing VM operation: Cleanup done
Event: 23.137 Executing VM operation: Cleanup
Event: 23.137 Executing VM operation: Cleanup done
Event: 26.138 Executing VM operation: Cleanup
Event: 26.139 Executing VM operation: Cleanup done
Event: 27.139 Executing VM operation: Cleanup
Event: 27.139 Executing VM operation: Cleanup done
Event: 28.140 Executing VM operation: Cleanup
Event: 28.140 Executing VM operation: Cleanup done
Event: 29.140 Executing VM operation: Cleanup
Event: 29.140 Executing VM operation: Cleanup done
Event: 31.140 Executing VM operation: Cleanup
Event: 31.140 Executing VM operation: Cleanup done
Event: 32.140 Executing VM operation: Cleanup
Event: 32.140 Executing VM operation: Cleanup done
Event: 35.142 Executing VM operation: Cleanup
Event: 35.143 Executing VM operation: Cleanup done
Event: 39.171 Executing VM operation: Cleanup
Event: 39.171 Executing VM operation: Cleanup done

Events (20 events):
Event: 13.209 Thread 0x000002b5d2677650 flushing nmethod 0x000002b5c33c2710
Event: 13.209 Thread 0x000002b5d2677650 flushing nmethod 0x000002b5c339d610
Event: 13.209 Thread 0x000002b5d2677650 flushing nmethod 0x000002b5c339a190
Event: 13.209 Thread 0x000002b5d2677650 flushing nmethod 0x000002b5c338cf90
Event: 13.209 Thread 0x000002b5d2677650 flushing nmethod 0x000002b5c335ca90
Event: 13.209 Thread 0x000002b5d2677650 flushing nmethod 0x000002b5c335b090
Event: 13.209 Thread 0x000002b5d2677650 flushing nmethod 0x000002b5c335a990
Event: 13.209 Thread 0x000002b5d2677650 flushing nmethod 0x000002b5c32e4e10
Event: 13.209 Thread 0x000002b5d2677650 flushing nmethod 0x000002b5c32f4c90
Event: 13.209 Thread 0x000002b5d2677650 flushing nmethod 0x000002b5c32e4990
Event: 13.621 Thread 0x000002b618b35200 Thread added: 0x000002b618b35200
Event: 14.766 Thread 0x000002b618b35200 Thread exited: 0x000002b618b35200
Event: 15.557 Thread 0x000002b618b358d0 Thread added: 0x000002b618b358d0
Event: 15.945 Thread 0x000002b618b358d0 Thread exited: 0x000002b618b358d0
Event: 16.167 Thread 0x000002b618b37ae0 Thread added: 0x000002b618b37ae0
Event: 16.667 Thread 0x000002b618b37ae0 Thread exited: 0x000002b618b37ae0
Event: 17.139 Thread 0x000002b618b36670 Thread added: 0x000002b618b36670
Event: 17.707 Thread 0x000002b618b36670 Thread exited: 0x000002b618b36670
Event: 25.689 Thread 0x000002b618b36d40 Thread added: 0x000002b618b36d40
Event: 25.854 Thread 0x000002b618b36d40 Thread exited: 0x000002b618b36d40


Dynamic libraries:
0x00007ff7674c0000 - 0x00007ff7674d0000 	C:\Program Files\Java\jdk-21\bin\java.exe
0x00007ff804c10000 - 0x00007ff804e27000 	C:\WINDOWS\SYSTEM32\ntdll.dll
0x00007ff803ad0000 - 0x00007ff803b94000 	C:\WINDOWS\System32\KERNEL32.DLL
0x00007ff801f40000 - 0x00007ff8022ec000 	C:\WINDOWS\System32\KERNELBASE.dll
0x00007ff8024b0000 - 0x00007ff8025c1000 	C:\WINDOWS\System32\ucrtbase.dll
0x00007ffff4180000 - 0x00007ffff4199000 	C:\Program Files\Java\jdk-21\bin\jli.dll
0x00007ffffad00000 - 0x00007ffffad1b000 	C:\Program Files\Java\jdk-21\bin\VCRUNTIME140.dll
0x00007ff802a60000 - 0x00007ff802b12000 	C:\WINDOWS\System32\ADVAPI32.dll
0x00007ff804780000 - 0x00007ff804827000 	C:\WINDOWS\System32\msvcrt.dll
0x00007ff8037f0000 - 0x00007ff80389a000 	C:\WINDOWS\System32\sechost.dll
0x00007ff802320000 - 0x00007ff802348000 	C:\WINDOWS\System32\bcrypt.dll
0x00007ff803650000 - 0x00007ff803765000 	C:\WINDOWS\System32\RPCRT4.dll
0x00007ff8038a0000 - 0x00007ff803a4e000 	C:\WINDOWS\System32\USER32.dll
0x00007ff8022f0000 - 0x00007ff802316000 	C:\WINDOWS\System32\win32u.dll
0x00007ffff3d70000 - 0x00007ffff4003000 	C:\WINDOWS\WinSxS\amd64_microsoft.windows.common-controls_6595b64144ccf1df_6.0.22621.3672_none_2713b9d173822955\COMCTL32.dll
0x00007ff803200000 - 0x00007ff803229000 	C:\WINDOWS\System32\GDI32.dll
0x00007ff8025d0000 - 0x00007ff8026e9000 	C:\WINDOWS\System32\gdi32full.dll
0x00007ff802410000 - 0x00007ff8024aa000 	C:\WINDOWS\System32\msvcp_win.dll
0x00007ffff9fa0000 - 0x00007ffff9faa000 	C:\WINDOWS\SYSTEM32\VERSION.dll
0x00007ff8037b0000 - 0x00007ff8037e1000 	C:\WINDOWS\System32\IMM32.DLL
0x00007ffffb400000 - 0x00007ffffb40c000 	C:\Program Files\Java\jdk-21\bin\vcruntime140_1.dll
0x00007fffef870000 - 0x00007fffef8fe000 	C:\Program Files\Java\jdk-21\bin\msvcp140.dll
0x00007fff92cf0000 - 0x00007fff93a05000 	C:\Program Files\Java\jdk-21\bin\server\jvm.dll
0x00007ff803a50000 - 0x00007ff803ac1000 	C:\WINDOWS\System32\WS2_32.dll
0x00007ff801e00000 - 0x00007ff801e4d000 	C:\WINDOWS\SYSTEM32\POWRPROF.dll
0x00007ffffe870000 - 0x00007ffffe8a4000 	C:\WINDOWS\SYSTEM32\WINMM.dll
0x00007ff801de0000 - 0x00007ff801df3000 	C:\WINDOWS\SYSTEM32\UMPDC.dll
0x00007ff800f40000 - 0x00007ff800f58000 	C:\WINDOWS\SYSTEM32\kernel.appcore.dll
0x00007ffffb310000 - 0x00007ffffb31a000 	C:\Program Files\Java\jdk-21\bin\jimage.dll
0x00007fffff4b0000 - 0x00007fffff6e2000 	C:\WINDOWS\SYSTEM32\DBGHELP.DLL
0x00007ff804840000 - 0x00007ff804bc8000 	C:\WINDOWS\System32\combase.dll
0x00007ff803c20000 - 0x00007ff803cf7000 	C:\WINDOWS\System32\OLEAUT32.dll
0x00007ffff9fb0000 - 0x00007ffff9fe2000 	C:\WINDOWS\SYSTEM32\dbgcore.DLL
0x00007ff8028d0000 - 0x00007ff80294b000 	C:\WINDOWS\System32\bcryptPrimitives.dll
0x00007ffffb2b0000 - 0x00007ffffb2bf000 	C:\Program Files\Java\jdk-21\bin\instrument.dll
0x00007ffff35c0000 - 0x00007ffff35df000 	C:\Program Files\Java\jdk-21\bin\java.dll
0x00007ff803d20000 - 0x00007ff80457c000 	C:\WINDOWS\System32\SHELL32.dll
0x00007fffff6f0000 - 0x00007ffffffe7000 	C:\WINDOWS\SYSTEM32\windows.storage.dll
0x00007ff800600000 - 0x00007ff80073f000 	C:\WINDOWS\SYSTEM32\wintypes.dll
0x00007ff802b20000 - 0x00007ff802c14000 	C:\WINDOWS\System32\SHCORE.dll
0x00007ff804680000 - 0x00007ff8046de000 	C:\WINDOWS\System32\shlwapi.dll
0x00007ff801e70000 - 0x00007ff801e91000 	C:\WINDOWS\SYSTEM32\profapi.dll
0x00007fffeea50000 - 0x00007fffeeb27000 	C:\Program Files\Java\jdk-21\bin\jsvml.dll
0x00007ffffb2e0000 - 0x00007ffffb2f0000 	C:\Program Files\Java\jdk-21\bin\net.dll
0x00007ffffc930000 - 0x00007ffffca66000 	C:\WINDOWS\SYSTEM32\WINHTTP.dll
0x00007ff8013c0000 - 0x00007ff801429000 	C:\WINDOWS\system32\mswsock.dll
0x00007ffff32e0000 - 0x00007ffff32f6000 	C:\Program Files\Java\jdk-21\bin\nio.dll
0x00007ffff30f0000 - 0x00007ffff3108000 	C:\Program Files\Java\jdk-21\bin\zip.dll
0x00007ffff30d0000 - 0x00007ffff30ea000 	D:\Program Files\IntelliJ IDEA Community Edition 2023.3.2\bin\breakgen64.dll
0x00007ffff8a70000 - 0x00007ffff8a77000 	C:\Program Files\Java\jdk-21\bin\extnet.dll
0x000002b5b32a0000 - 0x000002b5b32a3000 	D:\Program Files\JavaFXSDK\javafx-sdk-22.0.1\bin\api-ms-win-core-console-l1-1-0.dll
0x000002b5b32b0000 - 0x000002b5b32b3000 	D:\Program Files\JavaFXSDK\javafx-sdk-22.0.1\bin\api-ms-win-core-console-l1-2-0.dll
0x000002b5b32c0000 - 0x000002b5b32c3000 	D:\Program Files\JavaFXSDK\javafx-sdk-22.0.1\bin\api-ms-win-core-datetime-l1-1-0.dll
0x000002b5b32d0000 - 0x000002b5b32d3000 	D:\Program Files\JavaFXSDK\javafx-sdk-22.0.1\bin\api-ms-win-core-debug-l1-1-0.dll
0x000002b5b32e0000 - 0x000002b5b32e3000 	D:\Program Files\JavaFXSDK\javafx-sdk-22.0.1\bin\api-ms-win-core-errorhandling-l1-1-0.dll
0x000002b5b32f0000 - 0x000002b5b32f4000 	D:\Program Files\JavaFXSDK\javafx-sdk-22.0.1\bin\api-ms-win-core-file-l1-1-0.dll
0x000002b5b3300000 - 0x000002b5b3303000 	D:\Program Files\JavaFXSDK\javafx-sdk-22.0.1\bin\api-ms-win-core-file-l1-2-0.dll
0x000002b5b3310000 - 0x000002b5b3313000 	D:\Program Files\JavaFXSDK\javafx-sdk-22.0.1\bin\api-ms-win-core-file-l2-1-0.dll
0x000002b5b3320000 - 0x000002b5b3323000 	D:\Program Files\JavaFXSDK\javafx-sdk-22.0.1\bin\api-ms-win-core-handle-l1-1-0.dll
0x000002b5b3330000 - 0x000002b5b3333000 	D:\Program Files\JavaFXSDK\javafx-sdk-22.0.1\bin\api-ms-win-core-heap-l1-1-0.dll
0x000002b5b3340000 - 0x000002b5b3343000 	D:\Program Files\JavaFXSDK\javafx-sdk-22.0.1\bin\api-ms-win-core-interlocked-l1-1-0.dll
0x000002b5b3350000 - 0x000002b5b3353000 	D:\Program Files\JavaFXSDK\javafx-sdk-22.0.1\bin\api-ms-win-core-libraryloader-l1-1-0.dll
0x000002b5b3360000 - 0x000002b5b3363000 	D:\Program Files\JavaFXSDK\javafx-sdk-22.0.1\bin\api-ms-win-core-localization-l1-2-0.dll
0x000002b5d2e50000 - 0x000002b5d2e53000 	D:\Program Files\JavaFXSDK\javafx-sdk-22.0.1\bin\api-ms-win-core-memory-l1-1-0.dll
0x000002b5d2e60000 - 0x000002b5d2e63000 	D:\Program Files\JavaFXSDK\javafx-sdk-22.0.1\bin\api-ms-win-core-namedpipe-l1-1-0.dll
0x000002b5d2e70000 - 0x000002b5d2e73000 	D:\Program Files\JavaFXSDK\javafx-sdk-22.0.1\bin\api-ms-win-core-processenvironment-l1-1-0.dll
0x000002b5d2e80000 - 0x000002b5d2e83000 	D:\Program Files\JavaFXSDK\javafx-sdk-22.0.1\bin\api-ms-win-core-processthreads-l1-1-0.dll
0x000002b5d2e90000 - 0x000002b5d2e93000 	D:\Program Files\JavaFXSDK\javafx-sdk-22.0.1\bin\api-ms-win-core-processthreads-l1-1-1.dll
0x000002b5d2ea0000 - 0x000002b5d2ea3000 	D:\Program Files\JavaFXSDK\javafx-sdk-22.0.1\bin\api-ms-win-core-profile-l1-1-0.dll
0x000002b5d2eb0000 - 0x000002b5d2eb3000 	D:\Program Files\JavaFXSDK\javafx-sdk-22.0.1\bin\api-ms-win-core-rtlsupport-l1-1-0.dll
0x000002b5d2bd0000 - 0x000002b5d2bd3000 	D:\Program Files\JavaFXSDK\javafx-sdk-22.0.1\bin\api-ms-win-core-string-l1-1-0.dll
0x000002b5d2be0000 - 0x000002b5d2be3000 	D:\Program Files\JavaFXSDK\javafx-sdk-22.0.1\bin\api-ms-win-core-synch-l1-1-0.dll
0x000002b5d2bf0000 - 0x000002b5d2bf3000 	D:\Program Files\JavaFXSDK\javafx-sdk-22.0.1\bin\api-ms-win-core-synch-l1-2-0.dll
0x000002b5d2c00000 - 0x000002b5d2c03000 	D:\Program Files\JavaFXSDK\javafx-sdk-22.0.1\bin\api-ms-win-core-sysinfo-l1-1-0.dll
0x000002b5d2c10000 - 0x000002b5d2c13000 	D:\Program Files\JavaFXSDK\javafx-sdk-22.0.1\bin\api-ms-win-core-timezone-l1-1-0.dll
0x000002b5d2c40000 - 0x000002b5d2c43000 	D:\Program Files\JavaFXSDK\javafx-sdk-22.0.1\bin\api-ms-win-core-util-l1-1-0.dll
0x000002b5d2c20000 - 0x000002b5d2c23000 	D:\Program Files\JavaFXSDK\javafx-sdk-22.0.1\bin\api-ms-win-crt-conio-l1-1-0.dll
0x000002b5d2c30000 - 0x000002b5d2c34000 	D:\Program Files\JavaFXSDK\javafx-sdk-22.0.1\bin\api-ms-win-crt-convert-l1-1-0.dll
0x000002b5d2c50000 - 0x000002b5d2c53000 	D:\Program Files\JavaFXSDK\javafx-sdk-22.0.1\bin\api-ms-win-crt-environment-l1-1-0.dll
0x000002b5d2c60000 - 0x000002b5d2c63000 	D:\Program Files\JavaFXSDK\javafx-sdk-22.0.1\bin\api-ms-win-crt-filesystem-l1-1-0.dll
0x000002b5d2c70000 - 0x000002b5d2c73000 	D:\Program Files\JavaFXSDK\javafx-sdk-22.0.1\bin\api-ms-win-crt-heap-l1-1-0.dll
0x000002b5d2c80000 - 0x000002b5d2c83000 	D:\Program Files\JavaFXSDK\javafx-sdk-22.0.1\bin\api-ms-win-crt-locale-l1-1-0.dll
0x000002b5d2c90000 - 0x000002b5d2c95000 	D:\Program Files\JavaFXSDK\javafx-sdk-22.0.1\bin\api-ms-win-crt-math-l1-1-0.dll
0x000002b5d2ca0000 - 0x000002b5d2ca5000 	D:\Program Files\JavaFXSDK\javafx-sdk-22.0.1\bin\api-ms-win-crt-multibyte-l1-1-0.dll
0x000002b5d2cb0000 - 0x000002b5d2cc0000 	D:\Program Files\JavaFXSDK\javafx-sdk-22.0.1\bin\api-ms-win-crt-private-l1-1-0.dll
0x000002b5d2cc0000 - 0x000002b5d2cc3000 	D:\Program Files\JavaFXSDK\javafx-sdk-22.0.1\bin\api-ms-win-crt-process-l1-1-0.dll
0x000002b5d2cd0000 - 0x000002b5d2cd4000 	D:\Program Files\JavaFXSDK\javafx-sdk-22.0.1\bin\api-ms-win-crt-runtime-l1-1-0.dll
0x000002b5d2ce0000 - 0x000002b5d2ce4000 	D:\Program Files\JavaFXSDK\javafx-sdk-22.0.1\bin\api-ms-win-crt-stdio-l1-1-0.dll
0x000002b5d2cf0000 - 0x000002b5d2cf4000 	D:\Program Files\JavaFXSDK\javafx-sdk-22.0.1\bin\api-ms-win-crt-string-l1-1-0.dll
0x000002b5d2d00000 - 0x000002b5d2d03000 	D:\Program Files\JavaFXSDK\javafx-sdk-22.0.1\bin\api-ms-win-crt-time-l1-1-0.dll
0x000002b5d2d10000 - 0x000002b5d2d13000 	D:\Program Files\JavaFXSDK\javafx-sdk-22.0.1\bin\api-ms-win-crt-utility-l1-1-0.dll
0x00007fffee950000 - 0x00007fffeea4c000 	D:\Program Files\JavaFXSDK\javafx-sdk-22.0.1\bin\ucrtbase.dll
0x00007ffff1db0000 - 0x00007ffff1dcb000 	D:\Program Files\JavaFXSDK\javafx-sdk-22.0.1\bin\vcruntime140.dll
0x00007ffff3600000 - 0x00007ffff360c000 	D:\Program Files\JavaFXSDK\javafx-sdk-22.0.1\bin\vcruntime140_1.dll
0x00007fffee750000 - 0x00007fffee7de000 	D:\Program Files\JavaFXSDK\javafx-sdk-22.0.1\bin\msvcp140.dll
0x00007ffff35b0000 - 0x00007ffff35b9000 	D:\Program Files\JavaFXSDK\javafx-sdk-22.0.1\bin\msvcp140_1.dll
0x00007fffef820000 - 0x00007fffef861000 	D:\Program Files\JavaFXSDK\javafx-sdk-22.0.1\bin\msvcp140_2.dll
0x00007ffff1ab0000 - 0x00007ffff1ae0000 	D:\Program Files\JavaFXSDK\javafx-sdk-22.0.1\bin\prism_d3d.dll
0x00007fffc46d0000 - 0x00007fffc4878000 	C:\WINDOWS\system32\d3d9.dll
0x00007ffffeff0000 - 0x00007fffff01b000 	C:\WINDOWS\SYSTEM32\dwmapi.dll
0x00007ffffecb0000 - 0x00007ffffece9000 	C:\WINDOWS\SYSTEM32\dxcore.dll
0x00007ffffebb0000 - 0x00007ffffec5a000 	C:\WINDOWS\system32\uxtheme.dll
0x00007fffe0520000 - 0x00007fffe06db000 	C:\WINDOWS\System32\DriverStore\FileRepository\u0402263.inf_amd64_1366da2d694c570c\B400781\aticfx64.dll
0x00007fffbd560000 - 0x00007fffbd594000 	C:\WINDOWS\System32\DriverStore\FileRepository\u0402263.inf_amd64_1366da2d694c570c\B400781\atiu9p64.dll
0x00007fffb83e0000 - 0x00007fffb9127000 	C:\WINDOWS\System32\DriverStore\FileRepository\u0402263.inf_amd64_1366da2d694c570c\B400781\atiumd64.dll
0x00007ff8032e0000 - 0x00007ff803485000 	C:\WINDOWS\System32\ole32.dll
0x0000000058990000 - 0x00000000598a3000 	C:\WINDOWS\System32\DriverStore\FileRepository\u0402263.inf_amd64_1366da2d694c570c\B400781\atiumd6a.dll
0x00007ff802c20000 - 0x00007ff803094000 	C:\WINDOWS\System32\SETUPAPI.dll
0x00007fffde520000 - 0x00007fffde555000 	C:\WINDOWS\SYSTEM32\amdihk64.dll
0x00007ffff2ee0000 - 0x00007ffff2f29000 	C:\WINDOWS\SYSTEM32\directxdatabasehelper.dll
0x00007fffee700000 - 0x00007fffee745000 	D:\Program Files\JavaFXSDK\javafx-sdk-22.0.1\bin\glass.dll
0x00007ff804580000 - 0x00007ff804676000 	C:\WINDOWS\System32\COMDLG32.dll
0x00007fffc1f90000 - 0x00007fffc20c3000 	C:\ProgramData\A-Volute\A-Volute.Nahimic\Modules\Scheduled\x64\AudioDevProps2.dll
0x00007fff8aa40000 - 0x00007fff8aa9e000 	C:\Program Files\Huawei\PCManager\plugins\PerfWndMonModule.dll
0x00007ff8030a0000 - 0x00007ff8031f3000 	C:\WINDOWS\System32\MSCTF.dll
0x00007ff8029b0000 - 0x00007ff802a60000 	C:\WINDOWS\System32\clbcatq.dll
0x00007fffe41d0000 - 0x00007fffe4345000 	C:\Windows\System32\Windows.UI.dll
0x00007fffe08d0000 - 0x00007fffe0a45000 	C:\Windows\System32\Windows.UI.Immersive.dll
0x00007ffffa060000 - 0x00007ffffa06e000 	C:\Program Files\Java\jdk-21\bin\sunmscapi.dll
0x00007ff802760000 - 0x00007ff8028c7000 	C:\WINDOWS\System32\CRYPT32.dll
0x00007ff8017e0000 - 0x00007ff80180e000 	C:\WINDOWS\SYSTEM32\ncrypt.dll
0x00007ff8017a0000 - 0x00007ff8017d7000 	C:\WINDOWS\SYSTEM32\NTASN1.dll
0x00007ff801640000 - 0x00007ff80165b000 	C:\WINDOWS\SYSTEM32\CRYPTSP.dll
0x00007ff800ea0000 - 0x00007ff800ed5000 	C:\WINDOWS\system32\rsaenh.dll
0x00007ff8014e0000 - 0x00007ff801508000 	C:\WINDOWS\SYSTEM32\USERENV.dll
0x00007ff801660000 - 0x00007ff80166c000 	C:\WINDOWS\SYSTEM32\CRYPTBASE.dll
0x00007ff8009a0000 - 0x00007ff8009cd000 	C:\WINDOWS\SYSTEM32\IPHLPAPI.DLL
0x00007ff8046e0000 - 0x00007ff8046e9000 	C:\WINDOWS\System32\NSI.dll

dbghelp: loaded successfully - version: 4.0.5 - missing functions: none
symbol engine: initialized successfully - sym options: 0x614 - pdb path: .;C:\Program Files\Java\jdk-21\bin;C:\WINDOWS\SYSTEM32;C:\WINDOWS\WinSxS\amd64_microsoft.windows.common-controls_6595b64144ccf1df_6.0.22621.3672_none_2713b9d173822955;C:\Program Files\Java\jdk-21\bin\server;D:\Program Files\IntelliJ IDEA Community Edition 2023.3.2\bin;D:\Program Files\JavaFXSDK\javafx-sdk-22.0.1\bin;C:\WINDOWS\System32\DriverStore\FileRepository\u0402263.inf_amd64_1366da2d694c570c\B400781;C:\ProgramData\A-Volute\A-Volute.Nahimic\Modules\Scheduled\x64;C:\Program Files\Huawei\PCManager\plugins;C:\Program Files\Common Files\Microsoft Shared\Ink

VM Arguments:
jvm_args: --module-path=D:\Program Files\JavaFXSDK\javafx-sdk-22.0.1\lib --add-modules=javafx.controls,javafx.fxml,javafx.graphics,javafx.media,javafx.web,javafx.swing -javaagent:D:\Program Files\IntelliJ IDEA Community Edition 2023.3.2\lib\idea_rt.jar=35871:D:\Program Files\IntelliJ IDEA Community Edition 2023.3.2\bin -Dfile.encoding=UTF-8 -Dsun.stdout.encoding=UTF-8 -Dsun.stderr.encoding=UTF-8 
java_command: org.chainoptim.desktop.MainApplication
java_class_path (initial): D:\Projects\Programming\Java\ChainOptim-DeskopApp\target\classes;C:\Users\tudor\.m2\repository\org\openjfx\javafx-controls\21\javafx-controls-21.jar;C:\Users\tudor\.m2\repository\org\openjfx\javafx-controls\21\javafx-controls-21-win.jar;C:\Users\tudor\.m2\repository\org\openjfx\javafx-graphics\21\javafx-graphics-21.jar;C:\Users\tudor\.m2\repository\org\openjfx\javafx-graphics\21\javafx-graphics-21-win.jar;C:\Users\tudor\.m2\repository\org\openjfx\javafx-base\21\javafx-base-21.jar;C:\Users\tudor\.m2\repository\org\openjfx\javafx-base\21\javafx-base-21-win.jar;C:\Users\tudor\.m2\repository\org\openjfx\javafx-fxml\21\javafx-fxml-21.jar;C:\Users\tudor\.m2\repository\org\openjfx\javafx-fxml\21\javafx-fxml-21-win.jar;C:\Users\tudor\.m2\repository\org\openjfx\javafx-web\21\javafx-web-21.jar;C:\Users\tudor\.m2\repository\org\openjfx\javafx-web\21\javafx-web-21-win.jar;C:\Users\tudor\.m2\repository\org\openjfx\javafx-swing\21\javafx-swing-21.jar;C:\Users\tudor\.m2\repository\org\openjfx\javafx-swing\21\javafx-swing-21-win.jar;C:\Users\tudor\.m2\repository\org\openjfx\javafx-media\21\javafx-media-21.jar;C:\Users\tudor\.m2\repository\org\openjfx\javafx-media\21\javafx-media-21-win.jar;C:\Users\tudor\.m2\repository\org\controlsfx\controlsfx\11.1.2\controlsfx-11.1.2.jar;C:\Users\tudor\.m2\repository\com\dlsc\formsfx\formsfx-core\11.6.0\formsfx-core-11.6.0.jar;C:\Users\tudor\.m2\repository\net\synedra\validatorfx\0.4.0\validatorfx-0.4.0.jar;C:\Users\tudor\.m2\repository\org\kordamp\ikonli\ikonli-javafx\12.3.1\ikonli-javafx-12.3.1.jar;C:\Users\tudor\.m2\repository\org\kordamp\ikonli\ikonli-core\12.3.1\ikonli-core-12.3.1.jar;C:\Users\tudor\.m2\repository\org\kordamp\bootstrapfx\bootstrapfx-core\0.4.0\bootstrapfx-core-0.4.0.jar;C:\Users\tudor\.m2\repository\eu\hansolo\tilesfx\11.48\tilesfx-11.48.jar;C:\Users\tudor\.m2\repository\com\github\almasb\fxgl\17.3\fxgl-17.3.jar;C:\Users\tudor\.m2\repository\com\github\almasb\fxgl-core\17.3\fxgl-core-17.3.jar;C:\Users\tudor\.m2\repository\com\gluonhq\attach\audio\4.0.17\audio-4.0.17.jar;C:\Users\tudor\.m2\repository\com\github\almasb\fxgl-io\17.3\fxgl-io-17.3.jar;C:\Users\tudor\.m2\repository\com\gluonhq\attach\storage\4.0.17\storage-4.0.17.jar;C:\Users\tudor\.m2\repository\com\gluonhq\attach\util\4.0.17\util-4.0.17.jar;C:\Users\tudor\.m2\repository\com\github\almasb\fxgl-entity\17.3\fxgl-entity-17.3.jar;C:\Users\tudor\.m2\repository\com\github\almasb\fxgl-scene\17.3\fxgl-scene-17.3.jar;C:\Users\tudor\.m2\repository\com\github\almasb\fxgl-gameplay\17.3\fxgl-gameplay-17.3.jar;C:\Users\tudor\.m2\repository\com\gluonhq\attach\lifecycle\4.0.17\lifecycle-4.0.17.jar;C:\Users\tudor\.m2\repository\org\jetbrains\kotlin\kotlin-stdlib\1.8.10\kotlin-stdlib-1.8.10.jar;C:\Users\tudor\.m2\repository\org\jetbrains\kotlin\kotlin-stdlib-common\1.8.10\kotlin-stdlib-common-1.8.10.jar;C:\Users\tudor\.m2\repository\org\jetbrains\annotations\13.0\annotations-13.0.jar;C:\Users\tudor\.m2\repository\com\jfoenix\jfoenix\9.0.10\jfoenix-9.0.10.jar;C:\Users\tudor\.m2\repository\com\google\inject\guice\7.0.0\guice-7.0.0.jar;C:\Users\tudor\.m2\repository\jakarta\inject\jakarta.inject-api\2.0.1\jakarta.inject-api-2.0.1.jar;C:\Users\tudor\.m2\repository\aopalliance\aopalliance\1.0\aopalliance-1.0.jar;C:\Users\tudor\.m2\repository\com\google\guava\guava\31.0.1-jre\guava-31.0.1-jre.jar;C:\Users\tudor\.m2\repository\com\google\guava\failureaccess\1.0.1\failureaccess-1.0.1.jar;C:\Users\tudor\.m2\repository\com\google\guava\listenablefuture\9999.0-empty-to-avoid-conflict-with-guava\listenablefuture-9999.0-empty-to-avoid-conflict-with-guava.jar;C:\Users\tudor\.m2\repository\com\google\code\findbugs\jsr305\3.0.2\jsr305-3.0.2.jar;C:\Users\tudor\.m2\repository\org\checkerframework\checker-qual\3.12.0\checker-qual-3.12.0.jar;C:\Users\tudor\.m2\repository\com\google\errorprone\error_prone_annotations\2.7.1\error_prone_annotations-2.7.1.jar;C:\Users\tudor\.m2\repository\com\google\j2objc\j2objc-annotations\1.3\j2objc-annotations-1.3.jar;C:\Users\tudor\.m2\repository\com\fasterxml\jackson\core\jackson-databind\2.16.0\jackson-databind-2.16.0.jar;C:\Users\tudor\.m2\repository\com\fasterxml\jackson\core\jackson-annotations\2.16.0\jackson-annotations-2.16.0.jar;C:\Users\tudor\.m2\repository\com\fasterxml\jackson\core\jackson-core\2.16.0\jackson-core-2.16.0.jar;C:\Users\tudor\.m2\repository\com\fasterxml\jackson\dataformat\jackson-dataformat-xml\2.16.0\jackson-dataformat-xml-2.16.0.jar;C:\Users\tudor\.m2\repository\org\codehaus\woodstox\stax2-api\4.2.1\stax2-api-4.2.1.jar;C:\Users\tudor\.m2\repository\com\fasterxml\woodstox\woodstox-core\6.5.1\woodstox-core-6.5.1.jar;C:\Users\tudor\.m2\repository\com\fasterxml\jackson\datatype\jackson-datatype-jsr310\2.13.0\jackson-datatype-jsr310-2.13.0.jar;C:\Users\tudor\.m2\repository\org\apache\maven\plugins\maven-surefire-plugin\3.2.5\maven-surefire-plugin-3.2.5.jar;C:\Users\tudor\.m2\repository\org\apache\maven\surefire\maven-surefire-common\3.2.5\maven-surefire-common-3.2.5.jar;C:\Users\tudor\.m2\repository\org\apache\maven\surefire\surefire-api\3.2.5\surefire-api-3.2.5.jar;C:\Users\tudor\.m2\repository\org\apache\maven\surefire\surefire-logger-api\3.2.5\surefire-logger-api-3.2.5.jar;C:\Users\tudor\.m2\repository\org\apache\maven\surefire\surefire-extensions-api\3.2.5\surefire-extensions-api-3.2.5.jar;C:\Users\tudor\.m2\repository\org\apache\maven\surefire\surefire-booter\3.2.5\surefire-booter-3.2.5.jar;C:\Users\tudor\.m2\repository\org\apache\maven\surefire\surefire-extensions-spi\3.2.5\surefire-extensions-spi-3.2.5.jar;C:\Users\tudor\.m2\repository\org\eclipse\aether\aether-util\1.0.0.v20140518\aether-util-1.0.0.v20140518.jar;C:\Users\tudor\.m2\repository\org\eclipse\aether\aether-api\1.0.0.v20140518\aether-api-1.0.0.v20140518.jar;C:\Users\tudor\.m2\repository\org\apache\maven\shared\maven-common-artifact-filters\3.1.1\maven-common-artifact-filters-3.1.1.jar;C:\Users\tudor\.m2\repository\org\apache\maven\maven-artifact\3.1.0\maven-artifact-3.1.0.jar;C:\Users\tudor\.m2\repository\org\codehaus\plexus\plexus-utils\3.0.10\plexus-utils-3.0.10.jar;C:\Users\tudor\.m2\repository\org\apache\maven\maven-core\3.1.0\maven-core-3.1.0.jar;C:\Users\tudor\.m2\repository\org\apache\maven\maven-settings\3.1.0\maven-settings-3.1.0.jar;C:\Users\tudor\.m2\repository\org\apache\maven\maven-settings-builder\3.1.0\maven-settings-builder-3.1.0.jar;C:\Users\tudor\.m2\repository\org\apache\maven\maven-repository-metadata\3.1.0\maven-repository-metadata-3.1.0.jar;C:\Users\tudor\.m2\repository\org\apache\maven\maven-model-builder\3.1.0\maven-model-builder-3.1.0.jar;C:\Users\tudor\.m2\repository\org\apache\maven\maven-aether-provider\3.1.0\maven-aether-provider-3.1.0.jar;C:\Users\tudor\.m2\repository\org\eclipse\aether\aether-spi\0.9.0.M2\aether-spi-0.9.0.M2.jar;C:\Users\tudor\.m2\repository\org\eclipse\aether\aether-impl\0.9.0.M2\aether-impl-0.9.0.M2.jar;C:\Users\tudor\.m2\repository\org\eclipse\sisu\org.eclipse.sisu.plexus\0.0.0.M2a\org.eclipse.sisu.plexus-0.0.0.M2a.jar;C:\Users\tudor\.m2\repository\javax\enterprise\cdi-api\1.0\cdi-api-1.0.jar;C:\Users\tudor\.m2\repository\javax\annotation\jsr250-api\1.0\jsr250-api-1.0.jar;C:\Users\tudor\.m2\repository\javax\inject\javax.inject\1\javax.inject-1.jar;C:\Users\tudor\.m2\repository\org\sonatype\sisu\sisu-guice\3.1.0\sisu-guice-3.1.0-no_aop.jar;C:\Users\tudor\.m2\repository\org\eclipse\sisu\org.eclipse.sisu.inject\0.0.0.M2a\org.eclipse.sisu.inject-0.0.0.M2a.jar;C:\Users\tudor\.m2\repository\asm\asm\3.3.1\asm-3.3.1.jar;C:\Users\tudor\.m2\repository\org\codehaus\plexus\plexus-interpolation\1.16\plexus-interpolation-1.16.jar;C:\Users\tudor\.m2\repository\org\codehaus\plexus\plexus-classworlds\2.4.2\plexus-classworlds-2.4.2.jar;C:\Users\tudor\.m2\repository\org\codehaus\plexus\plexus-component-annotations\1.5.5\plexus-component-annotations-1.5.5.jar;C:\Users\tudor\.m2\repository\org\sonatype\plexus\plexus-sec-dispatcher\1.3\plexus-sec-dispatcher-1.3.jar;C:\Users\tudor\.m2\repository\org\sonatype\plexus\plexus-cipher\1.4\plexus-cipher-1.4.jar;C:\Users\tudor\.m2\repository\org\apache\maven\maven-plugin-api\3.1.0\maven-plugin-api-3.1.0.jar;C:\Users\tudor\.m2\repository\commons-io\commons-io\2.6\commons-io-2.6.jar;C:\Users\tudor\.m2\repository\org\codehaus\plexus\plexus-java\1.2.0\plexus-java-1.2.0.jar;C:\Users\tudor\.m2\repository\org\ow2\asm\asm\9.6\asm-9.6.jar;C:\Users\tudor\.m2\repository\com\thoughtworks\qdox\qdox\2.0.3\qdox-2.0.3.jar;C:\Users\tudor\.m2\repository\org\apache\maven\surefire\surefire-shared-utils\3.2.5\surefire-shared-utils-3.2.5.jar;C:\Users\tudor\.m2\repository\org\java-websocket\Java-WebSocket\1.5.5\Java-WebSocket-1.5.5.jar;C:\Users\tudor\.m2\repository\org\slf4j\slf4j-api\2.0.6\slf4j-api-2.0.6.jar;C:\Users\tudor\.m2\repository\org\slf4j\jul-to-slf4j\2.0.9\jul-to-slf4j-2.0.9.jar;C:\Users\tudor\.m2\repository\ch\qos\logback\logback-classic\1.4.14\logback-classic-1.4.14.jar;C:\Users\tudor\.m2\repository\ch\qos\logback\logback-core\1.4.14\logback-core-1.4.14.jar;C:\Users\tudor\.m2\repository\org\jfxtras\jfxtras-controls\17-r1\jfxtras-controls-17-r1.jar;C:\Users\tudor\.m2\repository\org\jfxtras\jfxtras-common\17-r1\jfxtras-common-17-r1.jar;C:\Users\tudor\.m2\repository\org\jfxtras\jfxtras-fxml\17-r1\jfxtras-fxml-17-r1.jar
Launcher Type: SUN_STANDARD

[Global flags]
     intx CICompilerCount                          = 4                                         {product} {ergonomic}
     uint ConcGCThreads                            = 3                                         {product} {ergonomic}
     uint G1ConcRefinementThreads                  = 10                                        {product} {ergonomic}
   size_t G1HeapRegionSize                         = 2097152                                   {product} {ergonomic}
    uintx GCDrainStackTargetSize                   = 64                                        {product} {ergonomic}
   size_t InitialHeapSize                          = 257949696                                 {product} {ergonomic}
   size_t MarkStackSize                            = 4194304                                   {product} {ergonomic}
   size_t MaxHeapSize                              = 4127195136                                {product} {ergonomic}
   size_t MaxNewSize                               = 2474639360                                {product} {ergonomic}
   size_t MinHeapDeltaBytes                        = 2097152                                   {product} {ergonomic}
   size_t MinHeapSize                              = 8388608                                   {product} {ergonomic}
    uintx NonNMethodCodeHeapSize                   = 5839372                                {pd product} {ergonomic}
    uintx NonProfiledCodeHeapSize                  = 122909434                              {pd product} {ergonomic}
    uintx ProfiledCodeHeapSize                     = 122909434                              {pd product} {ergonomic}
    uintx ReservedCodeCacheSize                    = 251658240                              {pd product} {ergonomic}
     bool SegmentedCodeCache                       = true                                      {product} {ergonomic}
   size_t SoftMaxHeapSize                          = 4127195136                             {manageable} {ergonomic}
     bool UseCompressedOops                        = true                           {product lp64_product} {ergonomic}
     bool UseG1GC                                  = true                                      {product} {ergonomic}
     bool UseLargePagesIndividualAllocation        = false                                  {pd product} {ergonomic}

Logging:
Log output configuration:
 #0: stdout all=warning uptime,level,tags foldmultilines=false
 #1: stderr all=off uptime,level,tags foldmultilines=false

Environment Variables:
JAVA_HOME=C:\Program Files\Java\jdk-21
PATH=D:\Program Files\golang\bin;C:\Program Files\Java\jdk-21\bin;D:\Program Files\MinGW\mingw64\bin;C:\Users\tudor\AppData\Local\Programs\Python\Python311\Scripts\;C:\Users\tudor\AppData\Local\Programs\Python\Python311\;C:\Program Files\Common Files\Oracle\Java\javapath;C:\Program Files (x86)\Common Files\Oracle\Java\javapath;C:\WINDOWS\system32;C:\WINDOWS;C:\WINDOWS\System32\Wbem;C:\WINDOWS\System32\WindowsPowerShell\v1.0\;C:\WINDOWS\System32\OpenSSH\;C:\Program Files\dotnet\;C:\Program Files (x86)\Java\jre1.8.0_351\bin;C:\Users\tudor\AppData\Roaming\Microsoft\Windows\Start Menu\Programs\Python 3.11;C:\Program Files\Graphviz\bin;D:\Programs\Git\cmd;D:\Programs\;C:\ProgramData\chocolatey\bin;D:\Programs\node.js\;C:\Program Files\Amazon\AWSCLIV2\;D:\projects\programming\minikube;D:\Projects\Programming\kubernetes\minikube;D:\Projects\Programming\terraform;C:\Program Files\Microsoft SQL Server\150\Tools\Binn\;C:\Program Files\Microsoft SQL Server\Client SDK\ODBC\170\Tools\Binn\;D:\Program Files\postgreSQL\bin;D:\Program Files\CMake\bin;D:\Program Files\Visual Studio Community\MSBuild\Current\Bin;D:\Program Files\Apache\apache-jmeter-5.6.3\bin;D:\Program Files\maven\apache-maven-3.9.6\bin;C:\Program Files\MySQL\MySQL Server 8.2\bin;C:\Program Files\Docker\Docker\resources\bin;C:\Program Files\Docker\Docker\resources\bin;D:\Program Files\wixtoolset;D:\Program Files\JavaFXSDK\javafx-sdk-22.0.1\bin;D:\Program Files\terraform;C:\Program Files (x86)\Windows Kits\10\Windows Performance Toolkit\;D:\Program Files\EpicGames\UE_5.4\Engine;D:\languages\rust\cargo\bin;C:\Users\tudor\AppData\Local\Microsoft\WindowsApps;D:\Programs\Microsoft VS Code\bin;C:\Users\tudor\AppData\Roaming\npm;D:\Program Files\IntelliJ IDEA Community Edition 2023.3.2\bin;;D:\Program Files\IntelliJ IDEA 2023.3.2\bin;;C:\Users\tudor\AppData\Local\GitHubDesktop\bin;C:\Users\tudor\go\bin;C:\Users\tudor\.dotnet\tools
USERNAME=tudor
OS=Windows_NT
PROCESSOR_IDENTIFIER=AMD64 Family 23 Model 96 Stepping 1, AuthenticAMD
TMP=C:\Users\tudor\AppData\Local\Temp
TEMP=C:\Users\tudor\AppData\Local\Temp




Periodic native trim disabled

---------------  S Y S T E M  ---------------

OS:
 Windows 11 , 64 bit Build 22621 (10.0.22621.3672)
OS uptime: 43 days 3:42 hours
Hyper-V role detected

CPU: total 12 (initial active 12) (12 cores per cpu, 2 threads per core) family 23 model 96 stepping 1 microcode 0x0, cx8, cmov, fxsr, ht, mmx, 3dnowpref, sse, sse2, sse3, ssse3, sse4a, sse4.1, sse4.2, popcnt, lzcnt, tsc, tscinvbit, avx, avx2, aes, clmul, bmi1, bmi2, adx, sha, fma, vzeroupper, clflush, clflushopt, hv, rdtscp, rdpid, f16c
Processor Information for processor 0
  Max Mhz: 3000, Current Mhz: 1700, Mhz Limit: 3000
Processor Information for processor 1
  Max Mhz: 3000, Current Mhz: 1700, Mhz Limit: 3000
Processor Information for processor 2
  Max Mhz: 3000, Current Mhz: 1700, Mhz Limit: 3000
Processor Information for processor 3
  Max Mhz: 3000, Current Mhz: 1700, Mhz Limit: 3000
Processor Information for processor 4
  Max Mhz: 3000, Current Mhz: 1700, Mhz Limit: 3000
Processor Information for processor 5
  Max Mhz: 3000, Current Mhz: 1700, Mhz Limit: 3000
Processor Information for processor 6
  Max Mhz: 3000, Current Mhz: 1700, Mhz Limit: 3000
Processor Information for processor 7
  Max Mhz: 3000, Current Mhz: 1700, Mhz Limit: 3000
Processor Information for processor 8
  Max Mhz: 3000, Current Mhz: 1700, Mhz Limit: 3000
Processor Information for processor 9
  Max Mhz: 3000, Current Mhz: 1700, Mhz Limit: 3000
Processor Information for processor 10
  Max Mhz: 3000, Current Mhz: 1400, Mhz Limit: 3000
Processor Information for processor 11
  Max Mhz: 3000, Current Mhz: 1400, Mhz Limit: 3000

Memory: 4k page, system-wide physical 15741M (540M free)
TotalPageFile size 31101M (AvailPageFile size 123M)
current process WorkingSet (physical memory assigned to process): 334M, peak: 388M
current process commit charge ("private bytes"): 432M, peak: 483M

vm_info: Java HotSpot(TM) 64-Bit Server VM (21.0.1+12-LTS-29) for windows-amd64 JRE (21.0.1+12-LTS-29), built on 2023-10-05T13:27:09Z by "mach5one" with MS VC++ 17.1 (VS2022)

END.
